2025-02-20 10:16:39,961 INFO:Script interrupted by user. Exiting...
2025-02-20 10:20:01,436 INFO:Script interrupted by user. Exiting...
2025-02-20 10:20:02,982 INFO:Found 20 top companies. Scraping reviews...
2025-02-20 10:20:02,982 INFO:Scraping reviews for Techasoft...
2025-02-20 10:20:08,056 INFO:Scraping reviews for MLM Software Company in Delhi- Best MLM Software Developer...
2025-02-20 10:20:16,616 INFO:Scraping reviews for IT Company India...
2025-02-20 10:20:22,857 INFO:Scraping reviews for Softkingo - Top Mobile App & Web Development Company in India, Delhi, NCR...
2025-02-20 10:20:28,761 INFO:Scraping reviews for SLN Softwares - Software Development Company...
2025-02-20 10:20:35,293 INFO:Scraping reviews for Techpertz IT Solutions...
2025-02-20 10:20:42,304 INFO:Scraping reviews for Top Website Development Company in Delhi | Best Website Designing Company in Delhi NCR - CodexEra Technology LLP...
2025-02-20 10:20:49,304 INFO:Scraping reviews for Appextech Software Solutions...
2025-02-20 10:20:56,806 INFO:Scraping reviews for MLM Software Company in Delhi | MLM Software Development Company in Delhi | India - SOFTKWIT...
2025-02-20 10:21:03,738 INFO:Scraping reviews for Octuple Technologies - Software Development Company in Delhi NCR...
2025-02-20 10:21:09,824 INFO:Scraping reviews for Appfinz Technologies...
2025-02-20 10:21:17,032 INFO:Scraping reviews for Websoles Strategic Digital Solutions - Awarded Best Website Designing Company in Delhi India...
2025-02-20 10:21:23,436 INFO:Scraping reviews for BestWebs - Website, App & Software Development Company in Delhi...
2025-02-20 10:21:30,231 INFO:Scraping reviews for RSS INFOTECH PVT.LTD(India Top App Development Company Android, IOS, Website, Game development) )...
2025-02-20 10:21:36,588 INFO:Scraping reviews for Perfectiongeeks Technologies...
2025-02-20 10:21:43,014 INFO:Scraping reviews for Exclogy Software Solutions Pvt. Ltd...
2025-02-20 10:21:49,198 INFO:Scraping reviews for DataSlexIndia | On-Demand Software Development Company...
2025-02-20 10:21:55,032 INFO:Scraping reviews for Saffron Tech Pvt. Ltd....
2025-02-20 10:22:03,002 INFO:Scraping reviews for Iraitech | Software Development Company...
2025-02-20 10:22:10,226 INFO:Scraping reviews for Software Development | Website Designing | Mobile App development in Delhi, India - Mindscan Software Solutions Pvt. Ltd....
2025-02-20 10:22:16,215 INFO:Scraping completed! \U0001f680 Data saved in: D:/google_reviews_data/Scrapped_Data\google_reviews_Delhi_2025-02-20.csv
2025-02-20 10:26:36,958 INFO:Found 20 top companies. Scraping reviews...
2025-02-20 10:26:36,958 INFO:Scraping reviews for Budventure Technologies Pvt Ltd...
2025-02-20 10:26:43,745 INFO:Scraping reviews for Sparks To Ideas Provide Final Year Project internship in Php,Flutter,Python,AI/ML,React JS,Node JS,MERN,Cyber Security...
2025-02-20 10:26:49,884 INFO:Scraping reviews for Rushkar Technology Pvt. Ltd - App Developers India | Software Development Company...
2025-02-20 10:26:57,167 INFO:Scraping reviews for Hyperlink InfoSystem...
2025-02-20 10:27:03,405 INFO:Scraping reviews for Maxgen Technologies Pvt.Ltd | Web Development Company ,Mobile App Development Company in Ahmedabad...
2025-02-20 10:27:10,747 INFO:Scraping reviews for TatvaSoft...
2025-02-20 10:27:16,856 INFO:Scraping reviews for Vrinsoft Technology Pvt. Ltd....
2025-02-20 10:27:23,281 INFO:Scraping reviews for Agile Infoways...
2025-02-20 10:27:29,636 INFO:Scraping reviews for Top Software Companies...
2025-02-20 10:27:35,671 INFO:Scraping reviews for Cyblance Technologies Private Limited...
2025-02-20 10:27:41,850 INFO:Scraping reviews for Technostacks | AI Led Software Development Company...
2025-02-20 10:27:48,631 INFO:Scraping reviews for Intelligent IT Hub Pvt. Ltd. (IIH Global)...
2025-02-20 10:27:56,470 INFO:Scraping reviews for Techcronus Business Solutions Pvt. Ltd....
2025-02-20 10:28:03,461 INFO:Scraping reviews for Akash Technolabs...
2025-02-20 10:28:09,616 INFO:Scraping reviews for WebPlanex Infotech Pvt. Ltd....
2025-02-20 10:28:16,293 INFO:Scraping reviews for NectarBits Pvt Ltd...
2025-02-20 10:28:24,221 INFO:Scraping reviews for Space-O Technologies...
2025-02-20 10:28:30,906 INFO:Scraping reviews for ConvergeSol...
2025-02-20 10:28:36,949 INFO:Scraping reviews for The One Technologies...
2025-02-20 10:28:43,748 INFO:Scraping reviews for TechMayntra IT Solutions...
2025-02-20 10:28:50,881 INFO:Scraping completed! \U0001f680 Data saved in: D:/google_reviews_data/Scrapped_Data\google_reviews_Ahemdabad_2025-02-20.csv
2025-02-20 10:32:25,694 INFO:Found 20 top companies. Scraping reviews...
2025-02-20 10:32:25,694 INFO:Scraping reviews for Velocious Solutions Pvt. Ltd. | Best Software Company in Hyderabad | Top IT Services Provider...
2025-02-20 10:32:33,710 INFO:Scraping reviews for Spark Infosys...
2025-02-20 10:32:40,285 INFO:Scraping reviews for Pramati Technologies Private Limited...
2025-02-20 10:32:47,291 INFO:Scraping reviews for VixSpace...
2025-02-20 10:32:53,390 INFO:Scraping reviews for iPrism Technologies...
2025-02-20 10:33:00,506 INFO:Scraping reviews for Askmeguru Technologies...
2025-02-20 10:33:07,331 INFO:Scraping reviews for Tvisha Technologies Pvt Ltd...
2025-02-20 10:33:14,710 INFO:Scraping reviews for Conquerors Software Technologies...
2025-02-20 10:33:15,325 ERROR:Error fetching data for ChIJreWoImKRyzsRpItdYvcJV1g: 429 Client Error: Too Many Requests for url: https://serpapi.com/search?engine=google_maps_reviews&place_id=ChIJreWoImKRyzsRpItdYvcJV1g&api_key=1a18a13a1ff237d1f82c429b8daadd9d11b0b9efa4e9804ff3070c75091ac96d&hl=en&limit=100
2025-02-20 10:33:20,327 INFO:Scraping reviews for Sonata Software Limited...
2025-02-20 10:33:20,681 ERROR:Error fetching data for ChIJmS9x0LuQyzsRwTrQFI8tmRY: 429 Client Error: Too Many Requests for url: https://serpapi.com/search?engine=google_maps_reviews&place_id=ChIJmS9x0LuQyzsRwTrQFI8tmRY&api_key=1a18a13a1ff237d1f82c429b8daadd9d11b0b9efa4e9804ff3070c75091ac96d&hl=en&limit=100
2025-02-20 10:33:25,683 INFO:Scraping reviews for Focus Softnet - Best ERP, CRM, HCM Solutions in Hyderabad...
2025-02-20 10:33:26,059 ERROR:Error fetching data for ChIJLfzPALeRyzsRmsWxNAi9eWw: 429 Client Error: Too Many Requests for url: https://serpapi.com/search?engine=google_maps_reviews&place_id=ChIJLfzPALeRyzsRmsWxNAi9eWw&api_key=1a18a13a1ff237d1f82c429b8daadd9d11b0b9efa4e9804ff3070c75091ac96d&hl=en&limit=100
2025-02-20 10:33:31,061 INFO:Scraping reviews for TechThrone IT Solutions Pvt Ltd...
2025-02-20 10:33:31,422 ERROR:Error fetching data for ChIJ_SxjAsyQyzsRbyA0t5IrzgQ: 429 Client Error: Too Many Requests for url: https://serpapi.com/search?engine=google_maps_reviews&place_id=ChIJ_SxjAsyQyzsRbyA0t5IrzgQ&api_key=1a18a13a1ff237d1f82c429b8daadd9d11b0b9efa4e9804ff3070c75091ac96d&hl=en&limit=100
2025-02-20 10:33:36,424 INFO:Scraping reviews for Oracle India Private Limited...
2025-02-20 10:33:37,382 ERROR:Error fetching data for ChIJg8MwOdqTyzsRDep7-5-hgAQ: 429 Client Error: Too Many Requests for url: https://serpapi.com/search?engine=google_maps_reviews&place_id=ChIJg8MwOdqTyzsRDep7-5-hgAQ&api_key=1a18a13a1ff237d1f82c429b8daadd9d11b0b9efa4e9804ff3070c75091ac96d&hl=en&limit=100
2025-02-20 10:33:42,383 INFO:Scraping reviews for Techweblabs...
2025-02-20 10:33:42,726 ERROR:Error fetching data for ChIJjbuAREWUyzsR-1ZBVQJ0X2w: 429 Client Error: Too Many Requests for url: https://serpapi.com/search?engine=google_maps_reviews&place_id=ChIJjbuAREWUyzsR-1ZBVQJ0X2w&api_key=1a18a13a1ff237d1f82c429b8daadd9d11b0b9efa4e9804ff3070c75091ac96d&hl=en&limit=100
2025-02-20 10:33:47,728 INFO:Scraping reviews for Cosmicvent Software PVT LTD...
2025-02-20 10:33:48,072 ERROR:Error fetching data for ChIJm7ICMGyXyzsR3yli4_S9TNs: 429 Client Error: Too Many Requests for url: https://serpapi.com/search?engine=google_maps_reviews&place_id=ChIJm7ICMGyXyzsR3yli4_S9TNs&api_key=1a18a13a1ff237d1f82c429b8daadd9d11b0b9efa4e9804ff3070c75091ac96d&hl=en&limit=100
2025-02-20 10:33:53,073 INFO:Scraping reviews for Hilton Software...
2025-02-20 10:33:53,394 ERROR:Error fetching data for ChIJ30KNeB6RyzsRvDvvWZjZtw4: 429 Client Error: Too Many Requests for url: https://serpapi.com/search?engine=google_maps_reviews&place_id=ChIJ30KNeB6RyzsRvDvvWZjZtw4&api_key=1a18a13a1ff237d1f82c429b8daadd9d11b0b9efa4e9804ff3070c75091ac96d&hl=en&limit=100
2025-02-20 10:33:58,396 INFO:Scraping reviews for SmartSoft India Solutions Pvt. Ltd....
2025-02-20 10:33:58,775 ERROR:Error fetching data for ChIJ6Z7WRwiayzsRD36TQgp6xpg: 429 Client Error: Too Many Requests for url: https://serpapi.com/search?engine=google_maps_reviews&place_id=ChIJ6Z7WRwiayzsRD36TQgp6xpg&api_key=1a18a13a1ff237d1f82c429b8daadd9d11b0b9efa4e9804ff3070c75091ac96d&hl=en&limit=100
2025-02-20 10:34:03,777 INFO:Scraping reviews for Pronteff IT Solutions Pvt Ltd...
2025-02-20 10:34:04,101 ERROR:Error fetching data for ChIJz2h6RmCRyzsRNnNkLLbbFQo: 429 Client Error: Too Many Requests for url: https://serpapi.com/search?engine=google_maps_reviews&place_id=ChIJz2h6RmCRyzsRNnNkLLbbFQo&api_key=1a18a13a1ff237d1f82c429b8daadd9d11b0b9efa4e9804ff3070c75091ac96d&hl=en&limit=100
2025-02-20 10:34:09,103 INFO:Scraping reviews for People TechSoft IT Solutions Private Limited...
2025-02-20 10:34:09,433 ERROR:Error fetching data for ChIJAQCEEYyRyzsRAjzrKTn43F4: 429 Client Error: Too Many Requests for url: https://serpapi.com/search?engine=google_maps_reviews&place_id=ChIJAQCEEYyRyzsRAjzrKTn43F4&api_key=1a18a13a1ff237d1f82c429b8daadd9d11b0b9efa4e9804ff3070c75091ac96d&hl=en&limit=100
2025-02-20 10:34:14,435 INFO:Scraping reviews for Sunseaz Technologies...
2025-02-20 10:34:14,794 ERROR:Error fetching data for ChIJJQAQz2KZyzsRqZ3Lfoox5zs: 429 Client Error: Too Many Requests for url: https://serpapi.com/search?engine=google_maps_reviews&place_id=ChIJJQAQz2KZyzsRqZ3Lfoox5zs&api_key=1a18a13a1ff237d1f82c429b8daadd9d11b0b9efa4e9804ff3070c75091ac96d&hl=en&limit=100
2025-02-20 10:34:19,796 INFO:Scraping reviews for Siri IT Innovations Pvt Ltd - Web & Mobile Development Company...
2025-02-20 10:34:20,138 ERROR:Error fetching data for ChIJN04uXSaXyzsRlbxXpLIm9lU: 429 Client Error: Too Many Requests for url: https://serpapi.com/search?engine=google_maps_reviews&place_id=ChIJN04uXSaXyzsRlbxXpLIm9lU&api_key=1a18a13a1ff237d1f82c429b8daadd9d11b0b9efa4e9804ff3070c75091ac96d&hl=en&limit=100
2025-02-20 10:34:25,145 INFO:Scraping completed! \U0001f680 Data saved in: D:/google_reviews_data/Scrapped_Data\google_reviews_Hyderabad_2025-02-20.csv
2025-02-20 10:35:41,495 ERROR:Error fetching company place IDs: 429 Client Error: Too Many Requests for url: https://serpapi.com/search?engine=google_maps&q=Top+IT+Companies+in+Noida&api_key=1a18a13a1ff237d1f82c429b8daadd9d11b0b9efa4e9804ff3070c75091ac96d&hl=en&num=10
2025-02-20 10:35:41,508 ERROR:No companies found. Exiting...
2025-02-20 10:36:18,138 ERROR:Error fetching company place IDs: 429 Client Error: Too Many Requests for url: https://serpapi.com/search?engine=google_maps&q=Top+IT+Companies+in+Noida&api_key=1a18a13a1ff237d1f82c429b8daadd9d11b0b9efa4e9804ff3070c75091ac96d&hl=en&num=10
2025-02-20 10:36:18,139 ERROR:No companies found. Exiting...
2025-02-20 10:37:02,363 ERROR:Error fetching company place IDs: 429 Client Error: Too Many Requests for url: https://serpapi.com/search?engine=google_maps&q=Top+IT+Companies+in+bengaluru&api_key=1a18a13a1ff237d1f82c429b8daadd9d11b0b9efa4e9804ff3070c75091ac96d&hl=en&num=10
2025-02-20 10:37:02,365 ERROR:No companies found. Exiting...
2025-03-17 14:07:24,141 INFO:Found 20 top companies. Scraping reviews...
2025-03-17 14:07:24,142 INFO:Scraping reviews for DxMinds...
2025-03-17 14:07:31,087 INFO:Scraping reviews for Techasoft Pvt. Ltd....
2025-03-17 14:07:37,604 INFO:Scraping reviews for Innohub Technologies India Pvt Ltd...
2025-03-17 14:07:44,690 INFO:Scraping reviews for CodeCraft Technologies Pvt Ltd...
2025-03-17 14:07:52,305 INFO:Scraping reviews for Mobinius...
2025-03-17 14:07:58,924 INFO:Scraping reviews for Zinavo Private Limited...
2025-03-17 14:08:05,108 INFO:Scraping reviews for Trigent Software Pvt. Ltd. - IT Services Division...
2025-03-17 14:08:11,922 INFO:Scraping reviews for Milescube...
2025-03-17 14:08:23,747 INFO:Scraping reviews for Seaton India IT Pvt. Ltd....
2025-03-17 14:08:30,291 INFO:Scraping reviews for Isoftcells - Software Development Company in Bangalore...
2025-03-17 14:08:37,587 INFO:Scraping reviews for Oracle...
2025-03-17 14:08:44,067 INFO:Scraping reviews for Thoughtworks...
2025-03-17 14:08:51,587 INFO:Scraping reviews for Krify...
2025-03-17 14:08:58,385 INFO:Scraping reviews for Infosys Limited...
2025-03-17 14:09:06,113 INFO:Scraping reviews for Altair Engineering India Private Limited...
2025-03-17 14:09:13,565 INFO:Scraping reviews for Progton Software Private Limited...
2025-03-17 14:09:21,582 INFO:Scraping reviews for Top Technology Leader...
2025-03-17 14:09:31,761 INFO:Scraping reviews for Immerpact Private Limited...
2025-03-17 14:09:37,886 INFO:Scraping reviews for Fair Isaac India Software Private Limited (FICO)...
2025-03-17 14:09:45,165 INFO:Scraping reviews for SeekNEO...
2025-03-17 14:09:53,336 INFO:Scraping completed! \U0001f680 Data saved in: D:/google_reviews_data/Scrapped_Data\google_reviews_bengaluru_2025-03-17.csv
2025-03-17 14:12:47,252 INFO:Found 20 top companies. Scraping reviews...
2025-03-17 14:12:47,253 INFO:Scraping reviews for Shadow infosystem(P) Limited | Trusted IT Company in Noida, India | USA | Canada...
2025-03-17 14:12:54,289 INFO:Scraping reviews for Incredible India Techxpert Pvt. Ltd. (website & software development company in noida )...
2025-03-17 14:13:01,630 INFO:Scraping reviews for Cyient Limited...
2025-03-17 14:13:09,071 INFO:Scraping reviews for 3Pillar Global Noida...
2025-03-17 14:13:15,957 INFO:Scraping reviews for I-Softinc - Mobile App Development Company In Noida...
2025-03-17 14:13:24,243 INFO:Scraping reviews for IT MNC INDIA...
2025-03-17 14:13:30,760 INFO:Scraping reviews for Think Straight IT LLP - Software/IT Company in Noida...
2025-03-17 14:13:37,241 INFO:Scraping reviews for CodeAspire I.T Company in Noida...
2025-03-17 14:13:45,737 INFO:Scraping reviews for Infosys Limited - Noida Campus...
2025-03-17 14:13:52,489 INFO:Scraping reviews for HCLTech...
2025-03-17 14:13:59,657 INFO:Scraping reviews for Taksh IT Solutions Private Limited...
2025-03-17 14:14:06,375 INFO:Scraping reviews for Mariox Software - Top Mobile App Development Company in Noida, India | Custom iOS & Android Apps Development Services...
2025-03-17 14:14:12,747 INFO:Scraping reviews for Omefyi Software Technologies Pvt. Ltd....
2025-03-17 14:14:19,806 INFO:Scraping reviews for Beganto Software Solutions Private Limited...
2025-03-17 14:14:26,718 INFO:Scraping reviews for Tekniko Global | Mobile App Development Company in Noida | Android, iOS App Development Company...
2025-03-17 14:14:33,381 INFO:Scraping reviews for SP Technosoft (P) Ltd...
2025-03-17 14:14:40,021 INFO:Scraping reviews for Markstein Technology Solutions - Web Design & Development Company in Noida...
2025-03-17 14:14:46,785 INFO:Scraping reviews for TechConfer Technologies - Software Development Company | Website Development Company| Mobile App Development Company...
2025-03-17 14:14:54,517 INFO:Scraping reviews for Ucodice Technologies IT Company...
2025-03-17 14:15:00,616 INFO:Scraping reviews for Appsinvo : Mobile App & Website Development Company...
2025-03-17 14:15:08,434 INFO:Scraping completed! \U0001f680 Data saved in: D:/google_reviews_data/Scrapped_Data\google_reviews_Noida_2025-03-17.csv
2025-03-17 14:18:59,873 INFO:Found 20 top companies. Scraping reviews...
2025-03-17 14:18:59,873 INFO:Scraping reviews for DxMinds...
2025-03-17 14:19:05,349 INFO:Scraping reviews for Techasoft Pvt. Ltd....
2025-03-17 14:19:12,758 INFO:Scraping reviews for Innohub Technologies India Pvt Ltd...
2025-03-17 14:19:18,175 INFO:Scraping reviews for CodeCraft Technologies Pvt Ltd...
2025-03-17 14:19:23,602 INFO:Scraping reviews for Mobinius...
2025-03-17 14:19:29,116 INFO:Scraping reviews for Zinavo Private Limited...
2025-03-17 14:19:36,045 INFO:Scraping reviews for Trigent Software Pvt. Ltd. - IT Services Division...
2025-03-17 14:19:41,484 INFO:Scraping reviews for Milescube...
2025-03-17 14:19:47,421 INFO:Scraping reviews for Seaton India IT Pvt. Ltd....
2025-03-17 14:19:52,891 INFO:Scraping reviews for Isoftcells - Software Development Company in Bangalore...
2025-03-17 14:19:58,432 INFO:Scraping reviews for Oracle...
2025-03-17 14:20:04,245 INFO:Scraping reviews for Thoughtworks...
2025-03-17 14:20:10,128 INFO:Scraping reviews for Krify...
2025-03-17 14:20:15,508 INFO:Scraping reviews for Infosys Limited...
2025-03-17 14:20:21,309 INFO:Scraping reviews for Altair Engineering India Private Limited...
2025-03-17 14:20:26,711 INFO:Scraping reviews for Progton Software Private Limited...
2025-03-17 14:20:32,476 INFO:Scraping reviews for Top Technology Leader...
2025-03-17 14:20:38,424 INFO:Scraping reviews for Immerpact Private Limited...
2025-03-17 14:20:44,035 INFO:Scraping reviews for SeekNEO...
2025-03-17 14:20:49,844 INFO:Scraping reviews for Best Apps Business Solutions Pvt Ltd | SAP Company in UAE...
2025-03-17 14:20:57,488 INFO:Scraping completed! \U0001f680 Data saved in: D:/google_reviews_data/Scrapped_Data\google_reviews_Bengaluru_2025-03-17.csv
2025-03-17 14:44:43,129 INFO:Found 20 top companies. Scraping reviews...
2025-03-17 14:44:43,129 INFO:Scraping reviews for Mypcot Infotech - Mobile App Development Company in Mumbai, India | Hire Android App, iOS App Developers in Mumbai...
2025-03-17 14:44:50,123 INFO:Scraping reviews for Aimbeat | Software Development Company in Mumbai | Mobile App Development Company in Mumbai, India...
2025-03-17 14:44:59,709 INFO:Scraping reviews for LTIMindtree...
2025-03-17 14:45:06,052 INFO:Scraping reviews for Hyperlink InfoSystem - Top App Development Company...
2025-03-17 14:45:12,548 INFO:Scraping reviews for Oneture Technologies Private Limited...
2025-03-17 14:45:19,099 INFO:Scraping reviews for TIBCO Software Inc...
2025-03-17 14:45:26,503 INFO:Scraping reviews for Mark IT Solutions Pvt. Ltd....
2025-03-17 14:45:32,898 INFO:Scraping reviews for Antraweb Technologies Pvt. Ltd. - Tally on Cloud, Support, Customization, Integration & Solutions...
2025-03-17 14:45:39,999 INFO:Scraping reviews for Acaira Technologies Pvt Ltd...
2025-03-17 14:45:47,542 INFO:Scraping reviews for SAP India Private Limited...
2025-03-17 14:45:54,050 INFO:Scraping reviews for Simplified Software Solutions India – Custom Software & Mobile App Development...
2025-03-17 14:46:00,303 INFO:Scraping reviews for Cubosquare Technology Pvt. Ltd....
2025-03-17 14:46:08,386 INFO:Scraping reviews for Blue Design...
2025-03-17 14:46:14,458 INFO:Scraping reviews for Save As Web - Software Development Company in Mumbai | Website Development | eCommerce Website...
2025-03-17 14:46:21,379 INFO:Scraping reviews for CitiusTech Healthcare Technology Private Limited...
2025-03-17 14:46:28,130 INFO:Scraping reviews for Atto Infotech - Hire PHP Web & Mobile App Developers in Mumbai. Android & iOS Development Company...
2025-03-17 14:46:34,255 INFO:Scraping reviews for Website Development Company | Softscribble Pvt Ltd...
2025-03-17 14:46:40,718 INFO:Scraping reviews for Dynamic Vishva Technology Solutions Pvt Ltd...
2025-03-17 14:46:47,765 INFO:Scraping reviews for Datagrid Solutions - Software Development Company...
2025-03-17 14:46:54,552 INFO:Scraping reviews for Stymeta Technologies | Web, Mobile App, Ecommerce Development Company in Mumbai...
2025-03-17 14:47:01,667 INFO:Scraping completed! \U0001f680 Data saved in: D:/google_reviews_data/Scrapped_Data\google_reviews_mumbai_2025-03-17.csv
2025-03-17 14:55:01,299 INFO:Found 19 top companies. Scraping reviews...
2025-03-17 14:55:01,299 INFO:Scraping reviews for Prism IT Solutions Pvt. Ltd....
2025-03-17 14:55:07,548 INFO:Scraping reviews for Talentica Software (I) Pvt. Ltd....
2025-03-17 14:55:15,022 INFO:Scraping reviews for Cybage Software Private Limited...
2025-03-17 14:55:22,001 INFO:Scraping reviews for Codeplateau Technology Solutions - Power BI consulting services...
2025-03-17 14:55:28,704 INFO:Scraping reviews for Persistent Systems Limited...
2025-03-17 14:55:35,711 INFO:Scraping reviews for TIBCO Software India Pvt. Ltd...
2025-03-17 14:55:41,955 INFO:Scraping reviews for MPLUSSOFT...
2025-03-17 14:55:48,404 INFO:Scraping reviews for GeekyWorks IT Solutions Pvt. Ltd....
2025-03-17 14:55:54,617 INFO:Scraping reviews for Cybage Software...
2025-03-17 14:56:01,515 INFO:Scraping reviews for BMC Software India...
2025-03-17 14:56:08,421 INFO:Scraping reviews for Tietoevry India Pvt Ltd....
2025-03-17 14:56:15,226 INFO:Scraping reviews for Noetic Labs...
2025-03-17 14:56:21,785 INFO:Scraping reviews for Antraweb Technologies Pvt. Ltd. - Tally Support, Customization, Integration & Solutions...
2025-03-17 14:56:28,337 INFO:Scraping reviews for Synkrama Technologies PVT LTD...
2025-03-17 14:56:34,729 INFO:Scraping reviews for ScroBits Technologies...
2025-03-17 14:56:41,546 INFO:Scraping reviews for VM3 Tech Solutions LLP...
2025-03-17 14:56:48,512 INFO:Scraping reviews for Ascent Software Solutions | Since 2010...
2025-03-17 14:56:54,802 INFO:Scraping reviews for Red Hat India Private Limited...
2025-03-17 14:57:01,315 INFO:Scraping reviews for Thinkitive Technologies Private Limited...
2025-03-17 14:57:08,389 INFO:Scraping completed! \U0001f680 Data saved in: D:/google_reviews_data/Scrapped_Data\google_reviews_pune_2025-03-17.csv
2025-03-17 14:58:55,104 INFO:Found 20 top companies. Scraping reviews...
2025-03-17 14:58:55,104 INFO:Scraping reviews for Top Software Companies...
2025-03-17 14:59:01,336 INFO:Scraping reviews for Rushkar Technology Pvt. Ltd - App Developers India | Software Development Company...
2025-03-17 14:59:07,453 INFO:Scraping reviews for Budventure Technologies Pvt Ltd...
2025-03-17 14:59:14,770 INFO:Scraping reviews for Intelligent IT Hub Pvt. Ltd. (IIH Global)...
2025-03-17 14:59:21,700 INFO:Scraping reviews for Technostacks | AI Led Software Development Company...
2025-03-17 14:59:28,674 INFO:Scraping reviews for ConvergeSol...
2025-03-17 14:59:35,836 INFO:Scraping reviews for Techcronus Business Solutions Pvt. Ltd....
2025-03-17 14:59:42,463 INFO:Scraping reviews for Agile Infoways...
2025-03-17 14:59:49,297 INFO:Scraping reviews for Hyperlink InfoSystem...
2025-03-17 14:59:55,706 INFO:Scraping reviews for Maxgen Technologies Pvt.Ltd | Web Development Company ,Mobile App Development Company in Ahmedabad...
2025-03-17 15:00:03,796 INFO:Scraping reviews for Tridhya Tech Limited...
2025-03-17 15:00:10,540 INFO:Scraping reviews for Hidden Brains...
2025-03-17 15:00:17,717 INFO:Scraping reviews for Apexon...
2025-03-17 15:00:25,283 INFO:Scraping reviews for Cyblance Technologies Private Limited...
2025-03-17 15:00:32,658 INFO:Scraping reviews for Sparks To Ideas Provide Free Summer internship in Php,Flutter,Python,AI/ML,React JS,Node JS,MERN,Cyber Security,UI/UX...
2025-03-17 15:00:33,890 ERROR:Error fetching data for ChIJb0xIIkmbXjkRh-6Qzf_Pd-A: 429 Client Error: Too Many Requests for url: https://serpapi.com/search?engine=google_maps_reviews&place_id=ChIJb0xIIkmbXjkRh-6Qzf_Pd-A&api_key=1a18a13a1ff237d1f82c429b8daadd9d11b0b9efa4e9804ff3070c75091ac96d&hl=en&limit=100
2025-03-17 15:00:38,892 INFO:Scraping reviews for TatvaSoft...
2025-03-17 15:00:39,639 ERROR:Error fetching data for ChIJe0MD5FKDXjkRuZ-INq5Nndw: 429 Client Error: Too Many Requests for url: https://serpapi.com/search?engine=google_maps_reviews&place_id=ChIJe0MD5FKDXjkRuZ-INq5Nndw&api_key=1a18a13a1ff237d1f82c429b8daadd9d11b0b9efa4e9804ff3070c75091ac96d&hl=en&limit=100
2025-03-17 15:00:44,641 INFO:Scraping reviews for NectarBits Pvt Ltd...
2025-03-17 15:00:45,294 ERROR:Error fetching data for ChIJIXGgnVSbXjkRR2a41r9xPm8: 429 Client Error: Too Many Requests for url: https://serpapi.com/search?engine=google_maps_reviews&place_id=ChIJIXGgnVSbXjkRR2a41r9xPm8&api_key=1a18a13a1ff237d1f82c429b8daadd9d11b0b9efa4e9804ff3070c75091ac96d&hl=en&limit=100
2025-03-17 15:00:50,296 INFO:Scraping reviews for IT Path Solutions...
2025-03-17 15:00:51,008 ERROR:Error fetching data for ChIJP7rWxdWEXjkRvjRfXZoarC0: 429 Client Error: Too Many Requests for url: https://serpapi.com/search?engine=google_maps_reviews&place_id=ChIJP7rWxdWEXjkRvjRfXZoarC0&api_key=1a18a13a1ff237d1f82c429b8daadd9d11b0b9efa4e9804ff3070c75091ac96d&hl=en&limit=100
2025-03-17 15:00:56,009 INFO:Scraping reviews for Codeflash Infotech...
2025-03-17 15:00:56,848 ERROR:Error fetching data for ChIJB8tD8eyFXjkRLZb50Qhfv7A: 429 Client Error: Too Many Requests for url: https://serpapi.com/search?engine=google_maps_reviews&place_id=ChIJB8tD8eyFXjkRLZb50Qhfv7A&api_key=1a18a13a1ff237d1f82c429b8daadd9d11b0b9efa4e9804ff3070c75091ac96d&hl=en&limit=100
2025-03-17 15:01:01,850 INFO:Scraping reviews for Silicon IT Hub...
2025-03-17 15:01:02,579 ERROR:Error fetching data for ChIJS01mab2EXjkRwMG1HzWqEGc: 429 Client Error: Too Many Requests for url: https://serpapi.com/search?engine=google_maps_reviews&place_id=ChIJS01mab2EXjkRwMG1HzWqEGc&api_key=1a18a13a1ff237d1f82c429b8daadd9d11b0b9efa4e9804ff3070c75091ac96d&hl=en&limit=100
2025-03-17 15:01:07,599 INFO:Scraping completed! \U0001f680 Data saved in: D:/google_reviews_data/Scrapped_Data\google_reviews_Ahmehdabad_2025-03-17.csv
